2022-04-13 15:45:03.837  INFO 23364 --- [restartedMain] c.a.a.AccountMicroserviceApplication     : Starting AccountMicroserviceApplication using Java 17.0.2 on DESKTOP-6HFQH8D with PID 23364 (C:\Users\Sam\Documents\GitHub\alinefinancial-account-ss\account-microservice\target\classes started by Sam in C:\Users\Sam\Documents\GitHub\alinefinancial-account-ss)
2022-04-13 15:45:03.846  INFO 23364 --- [restartedMain] c.a.a.AccountMicroserviceApplication     : No active profile set, falling back to default profiles: default
2022-04-13 15:45:03.924  INFO 23364 --- [restartedMain] .e.DevToolsPropertyDefaultsPostProcessor : Devtools property defaults active! Set 'spring.devtools.add-properties' to 'false' to disable
2022-04-13 15:45:03.924  INFO 23364 --- [restartedMain] .e.DevToolsPropertyDefaultsPostProcessor : For additional web related logging consider setting the 'logging.level.web' property to 'DEBUG'
2022-04-13 15:45:05.232  INFO 23364 --- [restartedMain] o.s.c.annotation.AutoProxyRegistrar      : AutoProxyRegistrar was imported but no annotations were found having both 'mode' and 'proxyTargetClass' attributes of type AdviceMode and boolean respectively. This means that auto proxy creator registration and configuration may not have occurred as intended, and components may not be proxied as expected. Check to ensure that AutoProxyRegistrar has been @Import'ed on the same class where these annotations are declared; otherwise remove the import of AutoProxyRegistrar altogether.
2022-04-13 15:45:05.951  INFO 23364 --- [restartedMain] .s.d.r.c.RepositoryConfigurationDelegate : Bootstrapping Spring Data JPA repositories in DEFAULT mode.
2022-04-13 15:45:06.172  INFO 23364 --- [restartedMain] .s.d.r.c.RepositoryConfigurationDelegate : Finished Spring Data repository scanning in 210 ms. Found 11 JPA repository interfaces.
2022-04-13 15:45:06.785  INFO 23364 --- [restartedMain] trationDelegate$BeanPostProcessorChecker : Bean 'org.springframework.security.access.expression.method.DefaultMethodSecurityExpressionHandler@22701884' of type [org.springframework.security.access.expression.method.DefaultMethodSecurityExpressionHandler] is not eligible for getting processed by all BeanPostProcessors (for example: not eligible for auto-proxying)
2022-04-13 15:45:06.801  INFO 23364 --- [restartedMain] trationDelegate$BeanPostProcessorChecker : Bean 'methodSecurityMetadataSource' of type [org.springframework.security.access.method.DelegatingMethodSecurityMetadataSource] is not eligible for getting processed by all BeanPostProcessors (for example: not eligible for auto-proxying)
2022-04-13 15:45:07.366  INFO 23364 --- [restartedMain] o.s.b.w.embedded.tomcat.TomcatWebServer  : Tomcat initialized with port(s): 8070 (http)
2022-04-13 15:45:07.381  INFO 23364 --- [restartedMain] o.apache.catalina.core.StandardService   : Starting service [Tomcat]
2022-04-13 15:45:07.382  INFO 23364 --- [restartedMain] org.apache.catalina.core.StandardEngine  : Starting Servlet engine: [Apache Tomcat/9.0.48]
2022-04-13 15:45:07.520  INFO 23364 --- [restartedMain] o.a.c.c.C.[Tomcat].[localhost].[/]       : Initializing Spring embedded WebApplicationContext
2022-04-13 15:45:07.521  INFO 23364 --- [restartedMain] w.s.c.ServletWebServerApplicationContext : Root WebApplicationContext: initialization completed in 3594 ms
2022-04-13 15:45:07.796  INFO 23364 --- [restartedMain] com.zaxxer.hikari.HikariDataSource       : HikariPool-1 - Starting...
2022-04-13 15:45:08.193  INFO 23364 --- [restartedMain] com.zaxxer.hikari.HikariDataSource       : HikariPool-1 - Start completed.
2022-04-13 15:45:08.199  INFO 23364 --- [restartedMain] o.s.b.a.h2.H2ConsoleAutoConfiguration    : H2 console available at '/h2-console'. Database available at 'jdbc:mysql://localhost:3306/alinedb'
2022-04-13 15:45:08.641  WARN 23364 --- [restartedMain] JpaBaseConfiguration$JpaWebConfiguration : spring.jpa.open-in-view is enabled by default. Therefore, database queries may be performed during view rendering. Explicitly configure spring.jpa.open-in-view to disable this warning
2022-04-13 15:45:08.774  INFO 23364 --- [restartedMain] o.hibernate.jpa.internal.util.LogHelper  : HHH000204: Processing PersistenceUnitInfo [name: default]
2022-04-13 15:45:08.833  INFO 23364 --- [restartedMain] org.hibernate.Version                    : HHH000412: Hibernate ORM core version 5.4.32.Final
2022-04-13 15:45:08.996  INFO 23364 --- [restartedMain] o.hibernate.annotations.common.Version   : HCANN000001: Hibernate Commons Annotations {5.1.2.Final}
2022-04-13 15:45:09.153  INFO 23364 --- [restartedMain] org.hibernate.dialect.Dialect            : HHH000400: Using dialect: org.hibernate.dialect.MySQL8Dialect
2022-04-13 15:45:10.551  INFO 23364 --- [restartedMain] o.h.e.t.j.p.i.JtaPlatformInitiator       : HHH000490: Using JtaPlatform implementation: [org.hibernate.engine.transaction.jta.platform.internal.NoJtaPlatform]
2022-04-13 15:45:10.561  INFO 23364 --- [restartedMain] j.LocalContainerEntityManagerFactoryBean : Initialized JPA EntityManagerFactory for persistence unit 'default'
2022-04-13 15:45:11.526  WARN 23364 --- [restartedMain] o.s.b.d.a.OptionalLiveReloadServer       : Unable to start LiveReload server
2022-04-13 15:45:14.388  INFO 23364 --- [restartedMain] o.s.s.web.DefaultSecurityFilterChain     : Will secure Ant [pattern='/v3/api-docs/**'] with []
2022-04-13 15:45:14.388  INFO 23364 --- [restartedMain] o.s.s.web.DefaultSecurityFilterChain     : Will secure Ant [pattern='/h2'] with []
2022-04-13 15:45:14.388  INFO 23364 --- [restartedMain] o.s.s.web.DefaultSecurityFilterChain     : Will secure Ant [pattern='/h2/**'] with []
2022-04-13 15:45:14.388  INFO 23364 --- [restartedMain] o.s.s.web.DefaultSecurityFilterChain     : Will secure Ant [pattern='/h2-console'] with []
2022-04-13 15:45:14.389  INFO 23364 --- [restartedMain] o.s.s.web.DefaultSecurityFilterChain     : Will secure Ant [pattern='/h2-console/**'] with []
2022-04-13 15:45:14.389  INFO 23364 --- [restartedMain] o.s.s.web.DefaultSecurityFilterChain     : Will secure Ant [pattern='/health'] with []
2022-04-13 15:45:14.389  INFO 23364 --- [restartedMain] o.s.s.web.DefaultSecurityFilterChain     : Will secure Ant [pattern='/swagger-ui/**'] with []
2022-04-13 15:45:14.389  INFO 23364 --- [restartedMain] o.s.s.web.DefaultSecurityFilterChain     : Will secure Ant [pattern='/swagger-ui.html'] with []
2022-04-13 15:45:14.389  INFO 23364 --- [restartedMain] o.s.s.web.DefaultSecurityFilterChain     : Will secure Ant [pattern='/webjars/**'] with []
2022-04-13 15:45:14.389  INFO 23364 --- [restartedMain] o.s.s.web.DefaultSecurityFilterChain     : Will secure Ant [pattern='**/swagger-resources/**'] with []
2022-04-13 15:45:14.448  INFO 23364 --- [restartedMain] o.s.b.a.e.web.EndpointLinksResolver      : Exposing 14 endpoint(s) beneath base path '/actuator'
2022-04-13 15:45:14.492  INFO 23364 --- [restartedMain] o.s.s.web.DefaultSecurityFilterChain     : Will secure any request with [org.springframework.security.web.context.request.async.WebAsyncManagerIntegrationFilter@25f6f628, org.springframework.security.web.context.SecurityContextPersistenceFilter@391030e6, org.springframework.security.web.header.HeaderWriterFilter@6af3ec02, org.springframework.web.filter.CorsFilter@cdcdcf8, org.springframework.security.web.authentication.logout.LogoutFilter@37a334fc, com.aline.core.security.filter.JwtTokenVerifier@4a106746, com.aline.core.security.filter.JwtTokenProvider@20dace13, org.springframework.security.web.savedrequest.RequestCacheAwareFilter@7e85144e, org.springframework.security.web.servletapi.SecurityContextHolderAwareRequestFilter@3dd110a6, org.springframework.security.web.authentication.AnonymousAuthenticationFilter@6446e65b, org.springframework.security.web.session.SessionManagementFilter@370862e4, org.springframework.security.web.access.ExceptionTranslationFilter@1bf82a91, org.springframework.security.web.access.intercept.FilterSecurityInterceptor@5b2a41a5]
2022-04-13 15:45:14.678  INFO 23364 --- [restartedMain] o.s.b.w.embedded.tomcat.TomcatWebServer  : Tomcat started on port(s): 8070 (http) with context path ''
2022-04-13 15:45:14.695  INFO 23364 --- [restartedMain] c.a.a.AccountMicroserviceApplication     : Started AccountMicroserviceApplication in 11.388 seconds (JVM running for 12.129)
2022-04-13 15:45:19.181  INFO 23364 --- [http-nio-8070-exec-1] o.a.c.c.C.[Tomcat].[localhost].[/]       : Initializing Spring DispatcherServlet 'dispatcherServlet'
2022-04-13 15:45:19.181  INFO 23364 --- [http-nio-8070-exec-1] o.s.web.servlet.DispatcherServlet        : Initializing Servlet 'dispatcherServlet'
2022-04-13 15:45:19.183  INFO 23364 --- [http-nio-8070-exec-1] o.s.web.servlet.DispatcherServlet        : Completed initialization in 2 ms
2022-04-13 15:45:19.322  INFO 23364 --- [http-nio-8070-exec-1] c.a.a.advice.ControllerAdvice            : Enter: com.aline.core.security.service.SecurityUserService.loadUserByUsername() with arguments[s] = [devsessums1]
2022-04-13 15:45:40.286  INFO 23364 --- [http-nio-8070-exec-3] c.a.a.advice.ControllerAdvice            : Enter: com.aline.core.security.service.SecurityUserService.loadUserByUsername() with arguments[s] = [devsessums]
2022-04-13 15:45:40.294 ERROR 23364 --- [http-nio-8070-exec-3] c.a.a.advice.ControllerAdvice            : Exception: [devsessums] in com.aline.core.security.service.SecurityUserService.loadUserByUsername()
2022-04-13 15:45:40.304 ERROR 23364 --- [http-nio-8070-exec-3] c.a.c.security.filter.JwtTokenProvider   : An internal error occurred while trying to authenticate the user.

org.springframework.security.authentication.InternalAuthenticationServiceException: query did not return a unique result: 2; nested exception is javax.persistence.NonUniqueResultException: query did not return a unique result: 2
	at org.springframework.security.authentication.dao.DaoAuthenticationProvider.retrieveUser(DaoAuthenticationProvider.java:108) ~[spring-security-core-5.4.7.jar:5.4.7]
	at org.springframework.security.authentication.dao.AbstractUserDetailsAuthenticationProvider.authenticate(AbstractUserDetailsAuthenticationProvider.java:133) ~[spring-security-core-5.4.7.jar:5.4.7]
	at org.springframework.security.authentication.ProviderManager.authenticate(ProviderManager.java:182) ~[spring-security-core-5.4.7.jar:5.4.7]
	at org.springframework.security.authentication.ProviderManager.authenticate(ProviderManager.java:201) ~[spring-security-core-5.4.7.jar:5.4.7]
	at org.springframework.security.config.annotation.web.configuration.WebSecurityConfigurerAdapter$AuthenticationManagerDelegator.authenticate(WebSecurityConfigurerAdapter.java:510) ~[spring-security-config-5.4.7.jar:5.4.7]
	at com.aline.core.security.filter.JwtTokenProvider.attemptAuthentication(JwtTokenProvider.java:65) ~[classes/:na]
	at org.springframework.security.web.authentication.AbstractAuthenticationProcessingFilter.doFilter(AbstractAuthenticationProcessingFilter.java:222) ~[spring-security-web-5.4.7.jar:5.4.7]
	at org.springframework.security.web.authentication.AbstractAuthenticationProcessingFilter.doFilter(AbstractAuthenticationProcessingFilter.java:212) ~[spring-security-web-5.4.7.jar:5.4.7]
	at org.springframework.security.web.FilterChainProxy$VirtualFilterChain.doFilter(FilterChainProxy.java:336) ~[spring-security-web-5.4.7.jar:5.4.7]
	at com.aline.core.security.filter.JwtTokenFilter.doFilterInternal(JwtTokenFilter.java:55) ~[classes/:na]
	at org.springframework.web.filter.OncePerRequestFilter.doFilter(OncePerRequestFilter.java:119) ~[spring-web-5.3.8.jar:5.3.8]
	at org.springframework.security.web.FilterChainProxy$VirtualFilterChain.doFilter(FilterChainProxy.java:336) ~[spring-security-web-5.4.7.jar:5.4.7]
	at org.springframework.security.web.authentication.logout.LogoutFilter.doFilter(LogoutFilter.java:103) ~[spring-security-web-5.4.7.jar:5.4.7]
	at org.springframework.security.web.authentication.logout.LogoutFilter.doFilter(LogoutFilter.java:89) ~[spring-security-web-5.4.7.jar:5.4.7]
	at org.springframework.security.web.FilterChainProxy$VirtualFilterChain.doFilter(FilterChainProxy.java:336) ~[spring-security-web-5.4.7.jar:5.4.7]
	at org.springframework.web.filter.CorsFilter.doFilterInternal(CorsFilter.java:91) ~[spring-web-5.3.8.jar:5.3.8]
	at org.springframework.web.filter.OncePerRequestFilter.doFilter(OncePerRequestFilter.java:119) ~[spring-web-5.3.8.jar:5.3.8]
	at org.springframework.security.web.FilterChainProxy$VirtualFilterChain.doFilter(FilterChainProxy.java:336) ~[spring-security-web-5.4.7.jar:5.4.7]
	at org.springframework.security.web.header.HeaderWriterFilter.doHeadersAfter(HeaderWriterFilter.java:90) ~[spring-security-web-5.4.7.jar:5.4.7]
	at org.springframework.security.web.header.HeaderWriterFilter.doFilterInternal(HeaderWriterFilter.java:75) ~[spring-security-web-5.4.7.jar:5.4.7]
	at org.springframework.web.filter.OncePerRequestFilter.doFilter(OncePerRequestFilter.java:119) ~[spring-web-5.3.8.jar:5.3.8]
	at org.springframework.security.web.FilterChainProxy$VirtualFilterChain.doFilter(FilterChainProxy.java:336) ~[spring-security-web-5.4.7.jar:5.4.7]
	at org.springframework.security.web.context.SecurityContextPersistenceFilter.doFilter(SecurityContextPersistenceFilter.java:110) ~[spring-security-web-5.4.7.jar:5.4.7]
	at org.springframework.security.web.context.SecurityContextPersistenceFilter.doFilter(SecurityContextPersistenceFilter.java:80) ~[spring-security-web-5.4.7.jar:5.4.7]
	at org.springframework.security.web.FilterChainProxy$VirtualFilterChain.doFilter(FilterChainProxy.java:336) ~[spring-security-web-5.4.7.jar:5.4.7]
	at org.springframework.security.web.context.request.async.WebAsyncManagerIntegrationFilter.doFilterInternal(WebAsyncManagerIntegrationFilter.java:55) ~[spring-security-web-5.4.7.jar:5.4.7]
	at org.springframework.web.filter.OncePerRequestFilter.doFilter(OncePerRequestFilter.java:119) ~[spring-web-5.3.8.jar:5.3.8]
	at org.springframework.security.web.FilterChainProxy$VirtualFilterChain.doFilter(FilterChainProxy.java:336) ~[spring-security-web-5.4.7.jar:5.4.7]
	at org.springframework.security.web.FilterChainProxy.doFilterInternal(FilterChainProxy.java:211) ~[spring-security-web-5.4.7.jar:5.4.7]
	at org.springframework.security.web.FilterChainProxy.doFilter(FilterChainProxy.java:183) ~[spring-security-web-5.4.7.jar:5.4.7]
	at org.springframework.web.filter.DelegatingFilterProxy.invokeDelegate(DelegatingFilterProxy.java:358) ~[spring-web-5.3.8.jar:5.3.8]
	at org.springframework.web.filter.DelegatingFilterProxy.doFilter(DelegatingFilterProxy.java:271) ~[spring-web-5.3.8.jar:5.3.8]
	at org.apache.catalina.core.ApplicationFilterChain.internalDoFilter(ApplicationFilterChain.java:190) ~[tomcat-embed-core-9.0.48.jar:9.0.48]
	at org.apache.catalina.core.ApplicationFilterChain.doFilter(ApplicationFilterChain.java:163) ~[tomcat-embed-core-9.0.48.jar:9.0.48]
	at org.springframework.web.filter.RequestContextFilter.doFilterInternal(RequestContextFilter.java:100) ~[spring-web-5.3.8.jar:5.3.8]
	at org.springframework.web.filter.OncePerRequestFilter.doFilter(OncePerRequestFilter.java:119) ~[spring-web-5.3.8.jar:5.3.8]
	at org.apache.catalina.core.ApplicationFilterChain.internalDoFilter(ApplicationFilterChain.java:190) ~[tomcat-embed-core-9.0.48.jar:9.0.48]
	at org.apache.catalina.core.ApplicationFilterChain.doFilter(ApplicationFilterChain.java:163) ~[tomcat-embed-core-9.0.48.jar:9.0.48]
	at org.springframework.web.filter.FormContentFilter.doFilterInternal(FormContentFilter.java:93) ~[spring-web-5.3.8.jar:5.3.8]
	at org.springframework.web.filter.OncePerRequestFilter.doFilter(OncePerRequestFilter.java:119) ~[spring-web-5.3.8.jar:5.3.8]
	at org.apache.catalina.core.ApplicationFilterChain.internalDoFilter(ApplicationFilterChain.java:190) ~[tomcat-embed-core-9.0.48.jar:9.0.48]
	at org.apache.catalina.core.ApplicationFilterChain.doFilter(ApplicationFilterChain.java:163) ~[tomcat-embed-core-9.0.48.jar:9.0.48]
	at org.springframework.boot.actuate.metrics.web.servlet.WebMvcMetricsFilter.doFilterInternal(WebMvcMetricsFilter.java:97) ~[spring-boot-actuator-2.4.8.jar:2.4.8]
	at org.springframework.web.filter.OncePerRequestFilter.doFilter(OncePerRequestFilter.java:119) ~[spring-web-5.3.8.jar:5.3.8]
	at org.apache.catalina.core.ApplicationFilterChain.internalDoFilter(ApplicationFilterChain.java:190) ~[tomcat-embed-core-9.0.48.jar:9.0.48]
	at org.apache.catalina.core.ApplicationFilterChain.doFilter(ApplicationFilterChain.java:163) ~[tomcat-embed-core-9.0.48.jar:9.0.48]
	at org.springframework.web.filter.CharacterEncodingFilter.doFilterInternal(CharacterEncodingFilter.java:201) ~[spring-web-5.3.8.jar:5.3.8]
	at org.springframework.web.filter.OncePerRequestFilter.doFilter(OncePerRequestFilter.java:119) ~[spring-web-5.3.8.jar:5.3.8]
	at org.apache.catalina.core.ApplicationFilterChain.internalDoFilter(ApplicationFilterChain.java:190) ~[tomcat-embed-core-9.0.48.jar:9.0.48]
	at org.apache.catalina.core.ApplicationFilterChain.doFilter(ApplicationFilterChain.java:163) ~[tomcat-embed-core-9.0.48.jar:9.0.48]
	at org.apache.catalina.core.StandardWrapperValve.invoke(StandardWrapperValve.java:202) ~[tomcat-embed-core-9.0.48.jar:9.0.48]
	at org.apache.catalina.core.StandardContextValve.invoke(StandardContextValve.java:97) ~[tomcat-embed-core-9.0.48.jar:9.0.48]
	at org.apache.catalina.authenticator.AuthenticatorBase.invoke(AuthenticatorBase.java:542) ~[tomcat-embed-core-9.0.48.jar:9.0.48]
	at org.apache.catalina.core.StandardHostValve.invoke(StandardHostValve.java:143) ~[tomcat-embed-core-9.0.48.jar:9.0.48]
	at org.apache.catalina.valves.ErrorReportValve.invoke(ErrorReportValve.java:92) ~[tomcat-embed-core-9.0.48.jar:9.0.48]
	at org.apache.catalina.core.StandardEngineValve.invoke(StandardEngineValve.java:78) ~[tomcat-embed-core-9.0.48.jar:9.0.48]
	at org.apache.catalina.connector.CoyoteAdapter.service(CoyoteAdapter.java:357) ~[tomcat-embed-core-9.0.48.jar:9.0.48]
	at org.apache.coyote.http11.Http11Processor.service(Http11Processor.java:382) ~[tomcat-embed-core-9.0.48.jar:9.0.48]
	at org.apache.coyote.AbstractProcessorLight.process(AbstractProcessorLight.java:65) ~[tomcat-embed-core-9.0.48.jar:9.0.48]
	at org.apache.coyote.AbstractProtocol$ConnectionHandler.process(AbstractProtocol.java:893) ~[tomcat-embed-core-9.0.48.jar:9.0.48]
	at org.apache.tomcat.util.net.NioEndpoint$SocketProcessor.doRun(NioEndpoint.java:1723) ~[tomcat-embed-core-9.0.48.jar:9.0.48]
	at org.apache.tomcat.util.net.SocketProcessorBase.run(SocketProcessorBase.java:49) ~[tomcat-embed-core-9.0.48.jar:9.0.48]
	at java.base/java.util.concurrent.ThreadPoolExecutor.runWorker(ThreadPoolExecutor.java:1136) ~[na:na]
	at java.base/java.util.concurrent.ThreadPoolExecutor$Worker.run(ThreadPoolExecutor.java:635) ~[na:na]
	at org.apache.tomcat.util.threads.TaskThread$WrappingRunnable.run(TaskThread.java:61) ~[tomcat-embed-core-9.0.48.jar:9.0.48]
	at java.base/java.lang.Thread.run(Thread.java:833) ~[na:na]
Caused by: org.springframework.dao.IncorrectResultSizeDataAccessException: query did not return a unique result: 2; nested exception is javax.persistence.NonUniqueResultException: query did not return a unique result: 2
	at org.springframework.orm.jpa.EntityManagerFactoryUtils.convertJpaAccessExceptionIfPossible(EntityManagerFactoryUtils.java:385) ~[spring-orm-5.3.8.jar:5.3.8]
	at org.springframework.orm.jpa.vendor.HibernateJpaDialect.translateExceptionIfPossible(HibernateJpaDialect.java:235) ~[spring-orm-5.3.8.jar:5.3.8]
	at org.springframework.orm.jpa.AbstractEntityManagerFactoryBean.translateExceptionIfPossible(AbstractEntityManagerFactoryBean.java:551) ~[spring-orm-5.3.8.jar:5.3.8]
	at org.springframework.dao.support.ChainedPersistenceExceptionTranslator.translateExceptionIfPossible(ChainedPersistenceExceptionTranslator.java:61) ~[spring-tx-5.3.8.jar:5.3.8]
	at org.springframework.dao.support.DataAccessUtils.translateIfNecessary(DataAccessUtils.java:242) ~[spring-tx-5.3.8.jar:5.3.8]
	at org.springframework.dao.support.PersistenceExceptionTranslationInterceptor.invoke(PersistenceExceptionTranslationInterceptor.java:152) ~[spring-tx-5.3.8.jar:5.3.8]
	at org.springframework.aop.framework.ReflectiveMethodInvocation.proceed(ReflectiveMethodInvocation.java:186) ~[spring-aop-5.3.8.jar:5.3.8]
	at org.springframework.data.jpa.repository.support.CrudMethodMetadataPostProcessor$CrudMethodMetadataPopulatingMethodInterceptor.invoke(CrudMethodMetadataPostProcessor.java:145) ~[spring-data-jpa-2.4.10.jar:2.4.10]
	at org.springframework.aop.framework.ReflectiveMethodInvocation.proceed(ReflectiveMethodInvocation.java:186) ~[spring-aop-5.3.8.jar:5.3.8]
	at org.springframework.aop.interceptor.ExposeInvocationInterceptor.invoke(ExposeInvocationInterceptor.java:97) ~[spring-aop-5.3.8.jar:5.3.8]
	at org.springframework.aop.framework.ReflectiveMethodInvocation.proceed(ReflectiveMethodInvocation.java:186) ~[spring-aop-5.3.8.jar:5.3.8]
	at org.springframework.aop.framework.JdkDynamicAopProxy.invoke(JdkDynamicAopProxy.java:215) ~[spring-aop-5.3.8.jar:5.3.8]
	at jdk.proxy3/jdk.proxy3.$Proxy185.findByUsername(Unknown Source) ~[na:na]
	at com.aline.core.security.service.SecurityUserService.loadUserByUsername(SecurityUserService.java:28) ~[classes/:na]
	at com.aline.core.security.service.SecurityUserService$$FastClassBySpringCGLIB$$e2bd962c.invoke(<generated>) ~[classes/:na]
	at org.springframework.cglib.proxy.MethodProxy.invoke(MethodProxy.java:218) ~[spring-core-5.3.8.jar:5.3.8]
	at org.springframework.aop.framework.CglibAopProxy$CglibMethodInvocation.invokeJoinpoint(CglibAopProxy.java:779) ~[spring-aop-5.3.8.jar:5.3.8]
	at org.springframework.aop.framework.ReflectiveMethodInvocation.proceed(ReflectiveMethodInvocation.java:163) ~[spring-aop-5.3.8.jar:5.3.8]
	at org.springframework.aop.framework.CglibAopProxy$CglibMethodInvocation.proceed(CglibAopProxy.java:750) ~[spring-aop-5.3.8.jar:5.3.8]
	at org.springframework.aop.aspectj.MethodInvocationProceedingJoinPoint.proceed(MethodInvocationProceedingJoinPoint.java:89) ~[spring-aop-5.3.8.jar:5.3.8]
	at com.aline.accountmicroservice.advice.ControllerAdvice.logAround(ControllerAdvice.java:36) ~[classes/:na]
	at java.base/jdk.internal.reflect.NativeMethodAccessorImpl.invoke0(Native Method) ~[na:na]
	at java.base/jdk.internal.reflect.NativeMethodAccessorImpl.invoke(NativeMethodAccessorImpl.java:77) ~[na:na]
	at java.base/jdk.internal.reflect.DelegatingMethodAccessorImpl.invoke(DelegatingMethodAccessorImpl.java:43) ~[na:na]
	at java.base/java.lang.reflect.Method.invoke(Method.java:568) ~[na:na]
	at org.springframework.aop.aspectj.AbstractAspectJAdvice.invokeAdviceMethodWithGivenArgs(AbstractAspectJAdvice.java:634) ~[spring-aop-5.3.8.jar:5.3.8]
	at org.springframework.aop.aspectj.AbstractAspectJAdvice.invokeAdviceMethod(AbstractAspectJAdvice.java:624) ~[spring-aop-5.3.8.jar:5.3.8]
	at org.springframework.aop.aspectj.AspectJAroundAdvice.invoke(AspectJAroundAdvice.java:72) ~[spring-aop-5.3.8.jar:5.3.8]
	at org.springframework.aop.framework.ReflectiveMethodInvocation.proceed(ReflectiveMethodInvocation.java:186) ~[spring-aop-5.3.8.jar:5.3.8]
	at org.springframework.aop.framework.CglibAopProxy$CglibMethodInvocation.proceed(CglibAopProxy.java:750) ~[spring-aop-5.3.8.jar:5.3.8]
	at org.springframework.aop.interceptor.ExposeInvocationInterceptor.invoke(ExposeInvocationInterceptor.java:97) ~[spring-aop-5.3.8.jar:5.3.8]
	at org.springframework.aop.framework.ReflectiveMethodInvocation.proceed(ReflectiveMethodInvocation.java:186) ~[spring-aop-5.3.8.jar:5.3.8]
	at org.springframework.aop.framework.CglibAopProxy$CglibMethodInvocation.proceed(CglibAopProxy.java:750) ~[spring-aop-5.3.8.jar:5.3.8]
	at org.springframework.aop.framework.CglibAopProxy$DynamicAdvisedInterceptor.intercept(CglibAopProxy.java:692) ~[spring-aop-5.3.8.jar:5.3.8]
	at com.aline.core.security.service.SecurityUserService$$EnhancerBySpringCGLIB$$5539f40e.loadUserByUsername(<generated>) ~[classes/:na]
	at org.springframework.security.authentication.dao.DaoAuthenticationProvider.retrieveUser(DaoAuthenticationProvider.java:93) ~[spring-security-core-5.4.7.jar:5.4.7]
	... 65 common frames omitted
Caused by: javax.persistence.NonUniqueResultException: query did not return a unique result: 2
	at org.hibernate.internal.ExceptionConverterImpl.convert(ExceptionConverterImpl.java:128) ~[hibernate-core-5.4.32.Final.jar:5.4.32.Final]
	at org.hibernate.query.internal.AbstractProducedQuery.getSingleResult(AbstractProducedQuery.java:1659) ~[hibernate-core-5.4.32.Final.jar:5.4.32.Final]
	at org.hibernate.query.criteria.internal.compile.CriteriaQueryTypeQueryAdapter.getSingleResult(CriteriaQueryTypeQueryAdapter.java:111) ~[hibernate-core-5.4.32.Final.jar:5.4.32.Final]
	at java.base/jdk.internal.reflect.NativeMethodAccessorImpl.invoke0(Native Method) ~[na:na]
	at java.base/jdk.internal.reflect.NativeMethodAccessorImpl.invoke(NativeMethodAccessorImpl.java:77) ~[na:na]
	at java.base/jdk.internal.reflect.DelegatingMethodAccessorImpl.invoke(DelegatingMethodAccessorImpl.java:43) ~[na:na]
	at java.base/java.lang.reflect.Method.invoke(Method.java:568) ~[na:na]
	at org.springframework.orm.jpa.SharedEntityManagerCreator$DeferredQueryInvocationHandler.invoke(SharedEntityManagerCreator.java:406) ~[spring-orm-5.3.8.jar:5.3.8]
	at jdk.proxy3/jdk.proxy3.$Proxy238.getSingleResult(Unknown Source) ~[na:na]
	at org.springframework.data.jpa.repository.query.JpaQueryExecution$SingleEntityExecution.doExecute(JpaQueryExecution.java:196) ~[spring-data-jpa-2.4.10.jar:2.4.10]
	at org.springframework.data.jpa.repository.query.JpaQueryExecution.execute(JpaQueryExecution.java:88) ~[spring-data-jpa-2.4.10.jar:2.4.10]
	at org.springframework.data.jpa.repository.query.AbstractJpaQuery.doExecute(AbstractJpaQuery.java:155) ~[spring-data-jpa-2.4.10.jar:2.4.10]
	at org.springframework.data.jpa.repository.query.AbstractJpaQuery.execute(AbstractJpaQuery.java:143) ~[spring-data-jpa-2.4.10.jar:2.4.10]
	at org.springframework.data.repository.core.support.RepositoryMethodInvoker.doInvoke(RepositoryMethodInvoker.java:137) ~[spring-data-commons-2.4.10.jar:2.4.10]
	at org.springframework.data.repository.core.support.RepositoryMethodInvoker.invoke(RepositoryMethodInvoker.java:121) ~[spring-data-commons-2.4.10.jar:2.4.10]
	at org.springframework.data.repository.core.support.QueryExecutorMethodInterceptor.doInvoke(QueryExecutorMethodInterceptor.java:152) ~[spring-data-commons-2.4.10.jar:2.4.10]
	at org.springframework.data.repository.core.support.QueryExecutorMethodInterceptor.invoke(QueryExecutorMethodInterceptor.java:131) ~[spring-data-commons-2.4.10.jar:2.4.10]
	at org.springframework.aop.framework.ReflectiveMethodInvocation.proceed(ReflectiveMethodInvocation.java:186) ~[spring-aop-5.3.8.jar:5.3.8]
	at org.springframework.data.projection.DefaultMethodInvokingMethodInterceptor.invoke(DefaultMethodInvokingMethodInterceptor.java:80) ~[spring-data-commons-2.4.10.jar:2.4.10]
	at org.springframework.aop.framework.ReflectiveMethodInvocation.proceed(ReflectiveMethodInvocation.java:186) ~[spring-aop-5.3.8.jar:5.3.8]
	at org.springframework.transaction.interceptor.TransactionInterceptor$1.proceedWithInvocation(TransactionInterceptor.java:123) ~[spring-tx-5.3.8.jar:5.3.8]
	at org.springframework.transaction.interceptor.TransactionAspectSupport.invokeWithinTransaction(TransactionAspectSupport.java:388) ~[spring-tx-5.3.8.jar:5.3.8]
	at org.springframework.transaction.interceptor.TransactionInterceptor.invoke(TransactionInterceptor.java:119) ~[spring-tx-5.3.8.jar:5.3.8]
	at org.springframework.aop.framework.ReflectiveMethodInvocation.proceed(ReflectiveMethodInvocation.java:186) ~[spring-aop-5.3.8.jar:5.3.8]
	at org.springframework.dao.support.PersistenceExceptionTranslationInterceptor.invoke(PersistenceExceptionTranslationInterceptor.java:137) ~[spring-tx-5.3.8.jar:5.3.8]
	... 95 common frames omitted

2022-04-13 15:45:42.558  INFO 23364 --- [http-nio-8070-exec-4] c.a.a.advice.ControllerAdvice            : Enter: com.aline.core.security.service.SecurityUserService.loadUserByUsername() with arguments[s] = [devsessums1]
2022-04-13 15:45:57.266  INFO 23364 --- [http-nio-8070-exec-5] c.a.a.advice.ControllerAdvice            : Enter: com.aline.core.security.service.SecurityUserService.loadUserByUsername() with arguments[s] = [devsessums1]
2022-04-13 15:47:03.863  INFO 23364 --- [http-nio-8070-exec-8] c.a.a.advice.ControllerAdvice            : Enter: com.aline.core.security.service.SecurityUserService.loadUserByUsername() with arguments[s] = [devsessums1]
2022-04-13 15:47:07.896  INFO 23364 --- [http-nio-8070-exec-9] c.a.a.advice.ControllerAdvice            : Enter: com.aline.core.security.service.SecurityUserService.loadUserByUsername() with arguments[s] = [devsessums0]
2022-04-13 15:47:45.174  INFO 23364 --- [http-nio-8070-exec-10] c.a.a.advice.ControllerAdvice            : Enter: com.aline.core.security.service.SecurityUserService.loadUserByUsername() with arguments[s] = [devsessums0]
2022-04-13 15:48:02.756  INFO 23364 --- [http-nio-8070-exec-1] c.a.a.advice.ControllerAdvice            : Enter: com.aline.accountmicroservice.controller.AccountController.getAllAccounts() with arguments[s] = [Page request [number: 0, size 20, sort: UNSORTED]]
2022-04-13 15:48:02.764 ERROR 23364 --- [http-nio-8070-exec-1] c.a.a.advice.ControllerAdvice            : Exception: [Page request [number: 0, size 20, sort: UNSORTED]] in com.aline.accountmicroservice.controller.AccountController.getAllAccounts()
2022-04-13 15:48:02.766  INFO 23364 --- [http-nio-8070-exec-1] c.a.a.advice.ControllerAdvice            : Error at: com.aline.core.exception.GlobalExceptionHandler.handleForbiddenException() with return = org.springframework.security.access.AccessDeniedException: Access is denied
2022-04-13 15:48:02.775 ERROR 23364 --- [http-nio-8070-exec-1] Global Exception Handler                 : 403 Forbidden: Access is denied
2022-04-13 15:48:02.778  WARN 23364 --- [http-nio-8070-exec-1] .m.m.a.ExceptionHandlerExceptionResolver : Resolved [org.springframework.security.access.AccessDeniedException: Access is denied]
2022-04-13 15:48:14.538  INFO 23364 --- [http-nio-8070-exec-3] c.a.a.advice.ControllerAdvice            : Enter: com.aline.accountmicroservice.controller.AccountController.getAllAccounts() with arguments[s] = [Page request [number: 0, size 20, sort: UNSORTED]]
2022-04-13 15:48:14.539 ERROR 23364 --- [http-nio-8070-exec-3] c.a.a.advice.ControllerAdvice            : Exception: [Page request [number: 0, size 20, sort: UNSORTED]] in com.aline.accountmicroservice.controller.AccountController.getAllAccounts()
2022-04-13 15:48:14.540  INFO 23364 --- [http-nio-8070-exec-3] c.a.a.advice.ControllerAdvice            : Error at: com.aline.core.exception.GlobalExceptionHandler.handleForbiddenException() with return = org.springframework.security.access.AccessDeniedException: Access is denied
2022-04-13 15:48:14.540 ERROR 23364 --- [http-nio-8070-exec-3] Global Exception Handler                 : 403 Forbidden: Access is denied
2022-04-13 15:48:14.541  WARN 23364 --- [http-nio-8070-exec-3] .m.m.a.ExceptionHandlerExceptionResolver : Resolved [org.springframework.security.access.AccessDeniedException: Access is denied]
2022-04-13 15:48:19.111  INFO 23364 --- [http-nio-8070-exec-4] c.a.a.advice.ControllerAdvice            : Enter: com.aline.accountmicroservice.controller.AccountController.getAllAccounts() with arguments[s] = [Page request [number: 0, size 20, sort: UNSORTED]]
2022-04-13 15:48:19.111 ERROR 23364 --- [http-nio-8070-exec-4] c.a.a.advice.ControllerAdvice            : Exception: [Page request [number: 0, size 20, sort: UNSORTED]] in com.aline.accountmicroservice.controller.AccountController.getAllAccounts()
2022-04-13 15:48:19.112  INFO 23364 --- [http-nio-8070-exec-4] c.a.a.advice.ControllerAdvice            : Error at: com.aline.core.exception.GlobalExceptionHandler.handleForbiddenException() with return = org.springframework.security.access.AccessDeniedException: Access is denied
2022-04-13 15:48:19.112 ERROR 23364 --- [http-nio-8070-exec-4] Global Exception Handler                 : 403 Forbidden: Access is denied
2022-04-13 15:48:19.113  WARN 23364 --- [http-nio-8070-exec-4] .m.m.a.ExceptionHandlerExceptionResolver : Resolved [org.springframework.security.access.AccessDeniedException: Access is denied]
2022-04-13 15:48:21.676  INFO 23364 --- [http-nio-8070-exec-5] c.a.a.advice.ControllerAdvice            : Enter: com.aline.accountmicroservice.controller.AccountController.getAccountById() with arguments[s] = [50]
2022-04-13 15:48:21.677  INFO 23364 --- [http-nio-8070-exec-5] c.a.a.advice.ControllerAdvice            : Enter: com.aline.accountmicroservice.service.AccountService.getAccountById() with arguments[s] = [50]
2022-04-13 15:48:21.711 ERROR 23364 --- [http-nio-8070-exec-5] c.a.a.advice.ControllerAdvice            : Exception: [50] in com.aline.accountmicroservice.service.AccountService.getAccountById()
2022-04-13 15:48:21.712 ERROR 23364 --- [http-nio-8070-exec-5] c.a.a.advice.ControllerAdvice            : Exception: [50] in com.aline.accountmicroservice.controller.AccountController.getAccountById()
2022-04-13 15:48:21.712  INFO 23364 --- [http-nio-8070-exec-5] c.a.a.advice.ControllerAdvice            : Error at: com.aline.core.exception.GlobalExceptionHandler.handleNotFoundException() with return = com.aline.core.exception.notfound.AccountNotFoundException: Account does not exist.
2022-04-13 15:48:21.712 ERROR 23364 --- [http-nio-8070-exec-5] Global Exception Handler                 : 404 Not Found: com.aline.core.exception.notfound.AccountNotFoundException: Account does not exist.
2022-04-13 15:48:21.714  WARN 23364 --- [http-nio-8070-exec-5] .m.m.a.ExceptionHandlerExceptionResolver : Resolved [com.aline.core.exception.notfound.AccountNotFoundException: Account does not exist.]
2022-04-13 15:48:29.646  INFO 23364 --- [http-nio-8070-exec-6] c.a.a.advice.ControllerAdvice            : Enter: com.aline.accountmicroservice.controller.AccountController.getAccountById() with arguments[s] = [1]
2022-04-13 15:48:29.647  INFO 23364 --- [http-nio-8070-exec-6] c.a.a.advice.ControllerAdvice            : Enter: com.aline.accountmicroservice.service.AccountService.getAccountById() with arguments[s] = [1]
2022-04-13 15:48:29.650 ERROR 23364 --- [http-nio-8070-exec-6] c.a.a.advice.ControllerAdvice            : Exception: [1] in com.aline.accountmicroservice.service.AccountService.getAccountById()
2022-04-13 15:48:29.651 ERROR 23364 --- [http-nio-8070-exec-6] c.a.a.advice.ControllerAdvice            : Exception: [1] in com.aline.accountmicroservice.controller.AccountController.getAccountById()
2022-04-13 15:48:29.652  INFO 23364 --- [http-nio-8070-exec-6] c.a.a.advice.ControllerAdvice            : Error at: com.aline.core.exception.GlobalExceptionHandler.handleNotFoundException() with return = com.aline.core.exception.notfound.AccountNotFoundException: Account does not exist.
2022-04-13 15:48:29.652 ERROR 23364 --- [http-nio-8070-exec-6] Global Exception Handler                 : 404 Not Found: com.aline.core.exception.notfound.AccountNotFoundException: Account does not exist.
2022-04-13 15:48:29.653  WARN 23364 --- [http-nio-8070-exec-6] .m.m.a.ExceptionHandlerExceptionResolver : Resolved [com.aline.core.exception.notfound.AccountNotFoundException: Account does not exist.]
2022-04-13 15:48:31.438  INFO 23364 --- [http-nio-8070-exec-7] c.a.a.advice.ControllerAdvice            : Enter: com.aline.accountmicroservice.controller.AccountController.getAccountById() with arguments[s] = [50]
2022-04-13 15:48:31.439  INFO 23364 --- [http-nio-8070-exec-7] c.a.a.advice.ControllerAdvice            : Enter: com.aline.accountmicroservice.service.AccountService.getAccountById() with arguments[s] = [50]
2022-04-13 15:48:31.442 ERROR 23364 --- [http-nio-8070-exec-7] c.a.a.advice.ControllerAdvice            : Exception: [50] in com.aline.accountmicroservice.service.AccountService.getAccountById()
2022-04-13 15:48:31.443 ERROR 23364 --- [http-nio-8070-exec-7] c.a.a.advice.ControllerAdvice            : Exception: [50] in com.aline.accountmicroservice.controller.AccountController.getAccountById()
2022-04-13 15:48:31.443  INFO 23364 --- [http-nio-8070-exec-7] c.a.a.advice.ControllerAdvice            : Error at: com.aline.core.exception.GlobalExceptionHandler.handleNotFoundException() with return = com.aline.core.exception.notfound.AccountNotFoundException: Account does not exist.
2022-04-13 15:48:31.443 ERROR 23364 --- [http-nio-8070-exec-7] Global Exception Handler                 : 404 Not Found: com.aline.core.exception.notfound.AccountNotFoundException: Account does not exist.
2022-04-13 15:48:31.444  WARN 23364 --- [http-nio-8070-exec-7] .m.m.a.ExceptionHandlerExceptionResolver : Resolved [com.aline.core.exception.notfound.AccountNotFoundException: Account does not exist.]
2022-04-13 15:48:33.844  INFO 23364 --- [http-nio-8070-exec-8] c.a.a.advice.ControllerAdvice            : Enter: com.aline.accountmicroservice.controller.AccountController.getAccountById() with arguments[s] = [48]
2022-04-13 15:48:33.845  INFO 23364 --- [http-nio-8070-exec-8] c.a.a.advice.ControllerAdvice            : Enter: com.aline.accountmicroservice.service.AccountService.getAccountById() with arguments[s] = [48]
2022-04-13 15:48:33.848 ERROR 23364 --- [http-nio-8070-exec-8] c.a.a.advice.ControllerAdvice            : Exception: [48] in com.aline.accountmicroservice.service.AccountService.getAccountById()
2022-04-13 15:48:33.848 ERROR 23364 --- [http-nio-8070-exec-8] c.a.a.advice.ControllerAdvice            : Exception: [48] in com.aline.accountmicroservice.controller.AccountController.getAccountById()
2022-04-13 15:48:33.848  INFO 23364 --- [http-nio-8070-exec-8] c.a.a.advice.ControllerAdvice            : Error at: com.aline.core.exception.GlobalExceptionHandler.handleNotFoundException() with return = com.aline.core.exception.notfound.AccountNotFoundException: Account does not exist.
2022-04-13 15:48:33.848 ERROR 23364 --- [http-nio-8070-exec-8] Global Exception Handler                 : 404 Not Found: com.aline.core.exception.notfound.AccountNotFoundException: Account does not exist.
2022-04-13 15:48:33.850  WARN 23364 --- [http-nio-8070-exec-8] .m.m.a.ExceptionHandlerExceptionResolver : Resolved [com.aline.core.exception.notfound.AccountNotFoundException: Account does not exist.]
2022-04-13 15:49:34.706  INFO 23364 --- [http-nio-8070-exec-6] c.a.a.advice.ControllerAdvice            : Enter: org.springdoc.webmvc.api.OpenApiWebMvcResource.openapiJson() with arguments[s] = [FirewalledRequest[ org.apache.catalina.connector.RequestFacade@d66417c], /v3/api-docs]
2022-04-13 15:49:35.098  INFO 23364 --- [http-nio-8070-exec-6] o.springdoc.api.AbstractOpenApiResource  : Init duration for springdoc-openapi is: 378 ms
2022-04-13 15:50:00.549  INFO 23364 --- [http-nio-8070-exec-9] c.a.a.advice.ControllerAdvice            : Enter: com.aline.accountmicroservice.controller.AccountController.getAllAccounts() with arguments[s] = [Page request [number: 0, size 20, sort: UNSORTED]]
2022-04-13 15:50:00.549 ERROR 23364 --- [http-nio-8070-exec-9] c.a.a.advice.ControllerAdvice            : Exception: [Page request [number: 0, size 20, sort: UNSORTED]] in com.aline.accountmicroservice.controller.AccountController.getAllAccounts()
2022-04-13 15:50:00.550  INFO 23364 --- [http-nio-8070-exec-9] c.a.a.advice.ControllerAdvice            : Error at: com.aline.core.exception.GlobalExceptionHandler.handleForbiddenException() with return = org.springframework.security.access.AccessDeniedException: Access is denied
2022-04-13 15:50:00.550 ERROR 23364 --- [http-nio-8070-exec-9] Global Exception Handler                 : 403 Forbidden: Access is denied
2022-04-13 15:50:00.551  WARN 23364 --- [http-nio-8070-exec-9] .m.m.a.ExceptionHandlerExceptionResolver : Resolved [org.springframework.security.access.AccessDeniedException: Access is denied]
2022-04-13 15:50:18.526  INFO 23364 --- [http-nio-8070-exec-10] c.a.a.advice.ControllerAdvice            : Enter: com.aline.accountmicroservice.controller.AccountController.getAccountById() with arguments[s] = [48]
2022-04-13 15:50:18.527  INFO 23364 --- [http-nio-8070-exec-10] c.a.a.advice.ControllerAdvice            : Enter: com.aline.accountmicroservice.service.AccountService.getAccountById() with arguments[s] = [48]
2022-04-13 15:50:18.530 ERROR 23364 --- [http-nio-8070-exec-10] c.a.a.advice.ControllerAdvice            : Exception: [48] in com.aline.accountmicroservice.service.AccountService.getAccountById()
2022-04-13 15:50:18.531 ERROR 23364 --- [http-nio-8070-exec-10] c.a.a.advice.ControllerAdvice            : Exception: [48] in com.aline.accountmicroservice.controller.AccountController.getAccountById()
2022-04-13 15:50:18.531  INFO 23364 --- [http-nio-8070-exec-10] c.a.a.advice.ControllerAdvice            : Error at: com.aline.core.exception.GlobalExceptionHandler.handleNotFoundException() with return = com.aline.core.exception.notfound.AccountNotFoundException: Account does not exist.
2022-04-13 15:50:18.531 ERROR 23364 --- [http-nio-8070-exec-10] Global Exception Handler                 : 404 Not Found: com.aline.core.exception.notfound.AccountNotFoundException: Account does not exist.
2022-04-13 15:50:18.532  WARN 23364 --- [http-nio-8070-exec-10] .m.m.a.ExceptionHandlerExceptionResolver : Resolved [com.aline.core.exception.notfound.AccountNotFoundException: Account does not exist.]
2022-04-13 15:50:20.985  INFO 23364 --- [http-nio-8070-exec-2] c.a.a.advice.ControllerAdvice            : Enter: com.aline.accountmicroservice.controller.AccountController.getAllAccounts() with arguments[s] = [Page request [number: 0, size 20, sort: UNSORTED]]
2022-04-13 15:50:20.986 ERROR 23364 --- [http-nio-8070-exec-2] c.a.a.advice.ControllerAdvice            : Exception: [Page request [number: 0, size 20, sort: UNSORTED]] in com.aline.accountmicroservice.controller.AccountController.getAllAccounts()
2022-04-13 15:50:20.986  INFO 23364 --- [http-nio-8070-exec-2] c.a.a.advice.ControllerAdvice            : Error at: com.aline.core.exception.GlobalExceptionHandler.handleForbiddenException() with return = org.springframework.security.access.AccessDeniedException: Access is denied
2022-04-13 15:50:20.986 ERROR 23364 --- [http-nio-8070-exec-2] Global Exception Handler                 : 403 Forbidden: Access is denied
2022-04-13 15:50:20.987  WARN 23364 --- [http-nio-8070-exec-2] .m.m.a.ExceptionHandlerExceptionResolver : Resolved [org.springframework.security.access.AccessDeniedException: Access is denied]
2022-04-13 15:50:35.876  INFO 23364 --- [http-nio-8070-exec-3] c.a.a.advice.ControllerAdvice            : Enter: com.aline.accountmicroservice.controller.AccountController.getAccountById() with arguments[s] = [35]
2022-04-13 15:50:35.877  INFO 23364 --- [http-nio-8070-exec-3] c.a.a.advice.ControllerAdvice            : Enter: com.aline.accountmicroservice.service.AccountService.getAccountById() with arguments[s] = [35]
2022-04-13 15:50:35.881 ERROR 23364 --- [http-nio-8070-exec-3] c.a.a.advice.ControllerAdvice            : Exception: [35] in com.aline.accountmicroservice.service.AccountService.getAccountById()
2022-04-13 15:50:35.882 ERROR 23364 --- [http-nio-8070-exec-3] c.a.a.advice.ControllerAdvice            : Exception: [35] in com.aline.accountmicroservice.controller.AccountController.getAccountById()
2022-04-13 15:50:35.882  INFO 23364 --- [http-nio-8070-exec-3] c.a.a.advice.ControllerAdvice            : Error at: com.aline.core.exception.GlobalExceptionHandler.handleNotFoundException() with return = com.aline.core.exception.notfound.AccountNotFoundException: Account does not exist.
2022-04-13 15:50:35.882 ERROR 23364 --- [http-nio-8070-exec-3] Global Exception Handler                 : 404 Not Found: com.aline.core.exception.notfound.AccountNotFoundException: Account does not exist.
2022-04-13 15:50:35.883  WARN 23364 --- [http-nio-8070-exec-3] .m.m.a.ExceptionHandlerExceptionResolver : Resolved [com.aline.core.exception.notfound.AccountNotFoundException: Account does not exist.]
2022-04-13 15:50:42.458  INFO 23364 --- [http-nio-8070-exec-4] c.a.a.advice.ControllerAdvice            : Enter: com.aline.accountmicroservice.controller.AccountController.getAccountById() with arguments[s] = [354655]
2022-04-13 15:50:42.459  INFO 23364 --- [http-nio-8070-exec-4] c.a.a.advice.ControllerAdvice            : Enter: com.aline.accountmicroservice.service.AccountService.getAccountById() with arguments[s] = [354655]
2022-04-13 15:50:42.486 ERROR 23364 --- [http-nio-8070-exec-4] c.a.a.advice.ControllerAdvice            : Exception: [354655] in com.aline.accountmicroservice.controller.AccountController.getAccountById()
2022-04-13 15:50:42.487  INFO 23364 --- [http-nio-8070-exec-4] c.a.a.advice.ControllerAdvice            : Error at: com.aline.core.exception.GlobalExceptionHandler.handleForbiddenException() with return = org.springframework.security.access.AccessDeniedException: Access is denied
2022-04-13 15:50:42.487 ERROR 23364 --- [http-nio-8070-exec-4] Global Exception Handler                 : 403 Forbidden: Access is denied
2022-04-13 15:50:42.488  WARN 23364 --- [http-nio-8070-exec-4] .m.m.a.ExceptionHandlerExceptionResolver : Resolved [org.springframework.security.access.AccessDeniedException: Access is denied]
2022-04-13 15:50:44.062  INFO 23364 --- [http-nio-8070-exec-5] c.a.a.advice.ControllerAdvice            : Enter: com.aline.accountmicroservice.controller.AccountController.getAccountById() with arguments[s] = [354655]
2022-04-13 15:50:44.063  INFO 23364 --- [http-nio-8070-exec-5] c.a.a.advice.ControllerAdvice            : Enter: com.aline.accountmicroservice.service.AccountService.getAccountById() with arguments[s] = [354655]
2022-04-13 15:50:44.074 ERROR 23364 --- [http-nio-8070-exec-5] c.a.a.advice.ControllerAdvice            : Exception: [354655] in com.aline.accountmicroservice.controller.AccountController.getAccountById()
2022-04-13 15:50:44.074  INFO 23364 --- [http-nio-8070-exec-5] c.a.a.advice.ControllerAdvice            : Error at: com.aline.core.exception.GlobalExceptionHandler.handleForbiddenException() with return = org.springframework.security.access.AccessDeniedException: Access is denied
2022-04-13 15:50:44.074 ERROR 23364 --- [http-nio-8070-exec-5] Global Exception Handler                 : 403 Forbidden: Access is denied
2022-04-13 15:50:44.075  WARN 23364 --- [http-nio-8070-exec-5] .m.m.a.ExceptionHandlerExceptionResolver : Resolved [org.springframework.security.access.AccessDeniedException: Access is denied]
2022-04-13 15:50:44.902  INFO 23364 --- [http-nio-8070-exec-6] c.a.a.advice.ControllerAdvice            : Enter: com.aline.accountmicroservice.controller.AccountController.getAccountById() with arguments[s] = [354655]
2022-04-13 15:50:44.902  INFO 23364 --- [http-nio-8070-exec-6] c.a.a.advice.ControllerAdvice            : Enter: com.aline.accountmicroservice.service.AccountService.getAccountById() with arguments[s] = [354655]
2022-04-13 15:50:44.911 ERROR 23364 --- [http-nio-8070-exec-6] c.a.a.advice.ControllerAdvice            : Exception: [354655] in com.aline.accountmicroservice.controller.AccountController.getAccountById()
2022-04-13 15:50:44.912  INFO 23364 --- [http-nio-8070-exec-6] c.a.a.advice.ControllerAdvice            : Error at: com.aline.core.exception.GlobalExceptionHandler.handleForbiddenException() with return = org.springframework.security.access.AccessDeniedException: Access is denied
2022-04-13 15:50:44.912 ERROR 23364 --- [http-nio-8070-exec-6] Global Exception Handler                 : 403 Forbidden: Access is denied
2022-04-13 15:50:44.913  WARN 23364 --- [http-nio-8070-exec-6] .m.m.a.ExceptionHandlerExceptionResolver : Resolved [org.springframework.security.access.AccessDeniedException: Access is denied]
2022-04-13 15:50:45.209  INFO 23364 --- [http-nio-8070-exec-7] c.a.a.advice.ControllerAdvice            : Enter: com.aline.accountmicroservice.controller.AccountController.getAccountById() with arguments[s] = [354655]
2022-04-13 15:50:45.209  INFO 23364 --- [http-nio-8070-exec-7] c.a.a.advice.ControllerAdvice            : Enter: com.aline.accountmicroservice.service.AccountService.getAccountById() with arguments[s] = [354655]
2022-04-13 15:50:45.220 ERROR 23364 --- [http-nio-8070-exec-7] c.a.a.advice.ControllerAdvice            : Exception: [354655] in com.aline.accountmicroservice.controller.AccountController.getAccountById()
2022-04-13 15:50:45.220  INFO 23364 --- [http-nio-8070-exec-7] c.a.a.advice.ControllerAdvice            : Error at: com.aline.core.exception.GlobalExceptionHandler.handleForbiddenException() with return = org.springframework.security.access.AccessDeniedException: Access is denied
2022-04-13 15:50:45.220 ERROR 23364 --- [http-nio-8070-exec-7] Global Exception Handler                 : 403 Forbidden: Access is denied
2022-04-13 15:50:45.221  WARN 23364 --- [http-nio-8070-exec-7] .m.m.a.ExceptionHandlerExceptionResolver : Resolved [org.springframework.security.access.AccessDeniedException: Access is denied]
2022-04-13 15:50:45.860  INFO 23364 --- [http-nio-8070-exec-8] c.a.a.advice.ControllerAdvice            : Enter: com.aline.accountmicroservice.controller.AccountController.getAccountById() with arguments[s] = [354655]
2022-04-13 15:50:45.861  INFO 23364 --- [http-nio-8070-exec-8] c.a.a.advice.ControllerAdvice            : Enter: com.aline.accountmicroservice.service.AccountService.getAccountById() with arguments[s] = [354655]
2022-04-13 15:50:45.871 ERROR 23364 --- [http-nio-8070-exec-8] c.a.a.advice.ControllerAdvice            : Exception: [354655] in com.aline.accountmicroservice.controller.AccountController.getAccountById()
2022-04-13 15:50:45.871  INFO 23364 --- [http-nio-8070-exec-8] c.a.a.advice.ControllerAdvice            : Error at: com.aline.core.exception.GlobalExceptionHandler.handleForbiddenException() with return = org.springframework.security.access.AccessDeniedException: Access is denied
2022-04-13 15:50:45.871 ERROR 23364 --- [http-nio-8070-exec-8] Global Exception Handler                 : 403 Forbidden: Access is denied
2022-04-13 15:50:45.872  WARN 23364 --- [http-nio-8070-exec-8] .m.m.a.ExceptionHandlerExceptionResolver : Resolved [org.springframework.security.access.AccessDeniedException: Access is denied]
2022-04-13 15:50:50.640  INFO 23364 --- [http-nio-8070-exec-9] c.a.a.advice.ControllerAdvice            : Enter: com.aline.accountmicroservice.controller.AccountController.getAccountById() with arguments[s] = [354656]
2022-04-13 15:50:50.641  INFO 23364 --- [http-nio-8070-exec-9] c.a.a.advice.ControllerAdvice            : Enter: com.aline.accountmicroservice.service.AccountService.getAccountById() with arguments[s] = [354656]
2022-04-13 15:50:50.649  INFO 23364 --- [http-nio-8070-exec-9] c.a.a.advice.ControllerAdvice            : Enter: com.aline.accountmicroservice.service.AccountService.mapToResponse() with arguments[s] = [com.aline.core.model.account.CheckingAccount@48edb6bc]
2022-04-13 15:50:57.769  INFO 23364 --- [http-nio-8070-exec-10] c.a.a.advice.ControllerAdvice            : Enter: com.aline.accountmicroservice.controller.AccountController.getAllAccounts() with arguments[s] = [Page request [number: 0, size 20, sort: UNSORTED]]
2022-04-13 15:50:57.770 ERROR 23364 --- [http-nio-8070-exec-10] c.a.a.advice.ControllerAdvice            : Exception: [Page request [number: 0, size 20, sort: UNSORTED]] in com.aline.accountmicroservice.controller.AccountController.getAllAccounts()
2022-04-13 15:50:57.770  INFO 23364 --- [http-nio-8070-exec-10] c.a.a.advice.ControllerAdvice            : Error at: com.aline.core.exception.GlobalExceptionHandler.handleForbiddenException() with return = org.springframework.security.access.AccessDeniedException: Access is denied
2022-04-13 15:50:57.770 ERROR 23364 --- [http-nio-8070-exec-10] Global Exception Handler                 : 403 Forbidden: Access is denied
2022-04-13 15:50:57.771  WARN 23364 --- [http-nio-8070-exec-10] .m.m.a.ExceptionHandlerExceptionResolver : Resolved [org.springframework.security.access.AccessDeniedException: Access is denied]
2022-04-13 15:51:57.767  INFO 23364 --- [http-nio-8070-exec-3] c.a.a.advice.ControllerAdvice            : Enter: com.aline.accountmicroservice.controller.MemberController.getAllAccountsByMemberId() with arguments[s] = [Page request [number: 0, size 20, sort: UNSORTED], 52]
2022-04-13 15:51:57.774 ERROR 23364 --- [http-nio-8070-exec-3] c.a.a.advice.ControllerAdvice            : Exception: [Page request [number: 0, size 20, sort: UNSORTED], 52] in com.aline.accountmicroservice.controller.MemberController.getAllAccountsByMemberId()
2022-04-13 15:51:57.775  INFO 23364 --- [http-nio-8070-exec-3] c.a.a.advice.ControllerAdvice            : Error at: com.aline.core.exception.GlobalExceptionHandler.handleForbiddenException() with return = org.springframework.security.access.AccessDeniedException: Access is denied
2022-04-13 15:51:57.775 ERROR 23364 --- [http-nio-8070-exec-3] Global Exception Handler                 : 403 Forbidden: Access is denied
2022-04-13 15:51:57.776  WARN 23364 --- [http-nio-8070-exec-3] .m.m.a.ExceptionHandlerExceptionResolver : Resolved [org.springframework.security.access.AccessDeniedException: Access is denied]
2022-04-13 15:52:01.584  INFO 23364 --- [http-nio-8070-exec-4] c.a.a.advice.ControllerAdvice            : Enter: com.aline.accountmicroservice.controller.MemberController.getAllAccountsByMemberId() with arguments[s] = [Page request [number: 0, size 20, sort: UNSORTED], 53]
2022-04-13 15:52:01.588 ERROR 23364 --- [http-nio-8070-exec-4] c.a.a.advice.ControllerAdvice            : Exception: [Page request [number: 0, size 20, sort: UNSORTED], 53] in com.aline.accountmicroservice.controller.MemberController.getAllAccountsByMemberId()
2022-04-13 15:52:01.589  INFO 23364 --- [http-nio-8070-exec-4] c.a.a.advice.ControllerAdvice            : Error at: com.aline.core.exception.GlobalExceptionHandler.handleForbiddenException() with return = org.springframework.security.access.AccessDeniedException: Access is denied
2022-04-13 15:52:01.589 ERROR 23364 --- [http-nio-8070-exec-4] Global Exception Handler                 : 403 Forbidden: Access is denied
2022-04-13 15:52:01.590  WARN 23364 --- [http-nio-8070-exec-4] .m.m.a.ExceptionHandlerExceptionResolver : Resolved [org.springframework.security.access.AccessDeniedException: Access is denied]
2022-04-13 15:52:03.622  INFO 23364 --- [http-nio-8070-exec-5] c.a.a.advice.ControllerAdvice            : Enter: com.aline.accountmicroservice.controller.MemberController.getAllAccountsByMemberId() with arguments[s] = [Page request [number: 0, size 20, sort: UNSORTED], 54]
2022-04-13 15:52:03.626 ERROR 23364 --- [http-nio-8070-exec-5] c.a.a.advice.ControllerAdvice            : Exception: [Page request [number: 0, size 20, sort: UNSORTED], 54] in com.aline.accountmicroservice.controller.MemberController.getAllAccountsByMemberId()
2022-04-13 15:52:03.626  INFO 23364 --- [http-nio-8070-exec-5] c.a.a.advice.ControllerAdvice            : Error at: com.aline.core.exception.GlobalExceptionHandler.handleForbiddenException() with return = org.springframework.security.access.AccessDeniedException: Access is denied
2022-04-13 15:52:03.626 ERROR 23364 --- [http-nio-8070-exec-5] Global Exception Handler                 : 403 Forbidden: Access is denied
2022-04-13 15:52:03.627  WARN 23364 --- [http-nio-8070-exec-5] .m.m.a.ExceptionHandlerExceptionResolver : Resolved [org.springframework.security.access.AccessDeniedException: Access is denied]
2022-04-13 15:52:08.733  INFO 23364 --- [http-nio-8070-exec-6] c.a.a.advice.ControllerAdvice            : Enter: com.aline.accountmicroservice.controller.MemberController.getAllAccountsByMemberId() with arguments[s] = [Page request [number: 0, size 20, sort: UNSORTED], 2]
2022-04-13 15:52:08.739 ERROR 23364 --- [http-nio-8070-exec-6] c.a.a.advice.ControllerAdvice            : Exception: [Page request [number: 0, size 20, sort: UNSORTED], 2] in com.aline.accountmicroservice.controller.MemberController.getAllAccountsByMemberId()
2022-04-13 15:52:08.741  INFO 23364 --- [http-nio-8070-exec-6] c.a.a.advice.ControllerAdvice            : Error at: com.aline.core.exception.GlobalExceptionHandler.handleForbiddenException() with return = org.springframework.security.access.AccessDeniedException: Access is denied
2022-04-13 15:52:08.741 ERROR 23364 --- [http-nio-8070-exec-6] Global Exception Handler                 : 403 Forbidden: Access is denied
2022-04-13 15:52:08.747  WARN 23364 --- [http-nio-8070-exec-6] .m.m.a.ExceptionHandlerExceptionResolver : Resolved [org.springframework.security.access.AccessDeniedException: Access is denied]
2022-04-13 15:52:10.141  INFO 23364 --- [http-nio-8070-exec-7] c.a.a.advice.ControllerAdvice            : Enter: com.aline.accountmicroservice.controller.MemberController.getAllAccountsByMemberId() with arguments[s] = [Page request [number: 0, size 20, sort: UNSORTED], 1]
2022-04-13 15:52:10.145 ERROR 23364 --- [http-nio-8070-exec-7] c.a.a.advice.ControllerAdvice            : Exception: [Page request [number: 0, size 20, sort: UNSORTED], 1] in com.aline.accountmicroservice.controller.MemberController.getAllAccountsByMemberId()
2022-04-13 15:52:10.146  INFO 23364 --- [http-nio-8070-exec-7] c.a.a.advice.ControllerAdvice            : Error at: com.aline.core.exception.GlobalExceptionHandler.handleForbiddenException() with return = org.springframework.security.access.AccessDeniedException: Access is denied
2022-04-13 15:52:10.146 ERROR 23364 --- [http-nio-8070-exec-7] Global Exception Handler                 : 403 Forbidden: Access is denied
2022-04-13 15:52:10.147  WARN 23364 --- [http-nio-8070-exec-7] .m.m.a.ExceptionHandlerExceptionResolver : Resolved [org.springframework.security.access.AccessDeniedException: Access is denied]
2022-04-13 15:52:11.144  INFO 23364 --- [http-nio-8070-exec-8] c.a.a.advice.ControllerAdvice            : Enter: com.aline.accountmicroservice.controller.MemberController.getAllAccountsByMemberId() with arguments[s] = [Page request [number: 0, size 20, sort: UNSORTED], 2]
2022-04-13 15:52:11.148 ERROR 23364 --- [http-nio-8070-exec-8] c.a.a.advice.ControllerAdvice            : Exception: [Page request [number: 0, size 20, sort: UNSORTED], 2] in com.aline.accountmicroservice.controller.MemberController.getAllAccountsByMemberId()
2022-04-13 15:52:11.149  INFO 23364 --- [http-nio-8070-exec-8] c.a.a.advice.ControllerAdvice            : Error at: com.aline.core.exception.GlobalExceptionHandler.handleForbiddenException() with return = org.springframework.security.access.AccessDeniedException: Access is denied
2022-04-13 15:52:11.149 ERROR 23364 --- [http-nio-8070-exec-8] Global Exception Handler                 : 403 Forbidden: Access is denied
2022-04-13 15:52:11.150  WARN 23364 --- [http-nio-8070-exec-8] .m.m.a.ExceptionHandlerExceptionResolver : Resolved [org.springframework.security.access.AccessDeniedException: Access is denied]
2022-04-13 15:52:11.953  INFO 23364 --- [http-nio-8070-exec-10] c.a.a.advice.ControllerAdvice            : Enter: com.aline.accountmicroservice.controller.MemberController.getAllAccountsByMemberId() with arguments[s] = [Page request [number: 0, size 20, sort: UNSORTED], 4]
2022-04-13 15:52:11.957 ERROR 23364 --- [http-nio-8070-exec-10] c.a.a.advice.ControllerAdvice            : Exception: [Page request [number: 0, size 20, sort: UNSORTED], 4] in com.aline.accountmicroservice.controller.MemberController.getAllAccountsByMemberId()
2022-04-13 15:52:11.958  INFO 23364 --- [http-nio-8070-exec-10] c.a.a.advice.ControllerAdvice            : Error at: com.aline.core.exception.GlobalExceptionHandler.handleForbiddenException() with return = org.springframework.security.access.AccessDeniedException: Access is denied
2022-04-13 15:52:11.958 ERROR 23364 --- [http-nio-8070-exec-10] Global Exception Handler                 : 403 Forbidden: Access is denied
2022-04-13 15:52:11.959  WARN 23364 --- [http-nio-8070-exec-10] .m.m.a.ExceptionHandlerExceptionResolver : Resolved [org.springframework.security.access.AccessDeniedException: Access is denied]
2022-04-13 15:52:12.985  INFO 23364 --- [http-nio-8070-exec-2] c.a.a.advice.ControllerAdvice            : Enter: com.aline.accountmicroservice.controller.MemberController.getAllAccountsByMemberId() with arguments[s] = [Page request [number: 0, size 20, sort: UNSORTED], 3]
2022-04-13 15:52:12.989 ERROR 23364 --- [http-nio-8070-exec-2] c.a.a.advice.ControllerAdvice            : Exception: [Page request [number: 0, size 20, sort: UNSORTED], 3] in com.aline.accountmicroservice.controller.MemberController.getAllAccountsByMemberId()
2022-04-13 15:52:12.989  INFO 23364 --- [http-nio-8070-exec-2] c.a.a.advice.ControllerAdvice            : Error at: com.aline.core.exception.GlobalExceptionHandler.handleForbiddenException() with return = org.springframework.security.access.AccessDeniedException: Access is denied
2022-04-13 15:52:12.989 ERROR 23364 --- [http-nio-8070-exec-2] Global Exception Handler                 : 403 Forbidden: Access is denied
2022-04-13 15:52:12.990  WARN 23364 --- [http-nio-8070-exec-2] .m.m.a.ExceptionHandlerExceptionResolver : Resolved [org.springframework.security.access.AccessDeniedException: Access is denied]
2022-04-13 15:52:26.089  INFO 23364 --- [http-nio-8070-exec-1] c.a.a.advice.ControllerAdvice            : Enter: com.aline.accountmicroservice.controller.MemberController.getAllAccountsByMemberId() with arguments[s] = [Page request [number: 0, size 20, sort: UNSORTED], 354656]
2022-04-13 15:52:26.093 ERROR 23364 --- [http-nio-8070-exec-1] c.a.a.advice.ControllerAdvice            : Exception: [Page request [number: 0, size 20, sort: UNSORTED], 354656] in com.aline.accountmicroservice.controller.MemberController.getAllAccountsByMemberId()
2022-04-13 15:52:26.094  INFO 23364 --- [http-nio-8070-exec-1] c.a.a.advice.ControllerAdvice            : Error at: com.aline.core.exception.GlobalExceptionHandler.handleForbiddenException() with return = org.springframework.security.access.AccessDeniedException: Access is denied
2022-04-13 15:52:26.094 ERROR 23364 --- [http-nio-8070-exec-1] Global Exception Handler                 : 403 Forbidden: Access is denied
2022-04-13 15:52:26.095  WARN 23364 --- [http-nio-8070-exec-1] .m.m.a.ExceptionHandlerExceptionResolver : Resolved [org.springframework.security.access.AccessDeniedException: Access is denied]
2022-04-13 15:52:29.846  INFO 23364 --- [http-nio-8070-exec-3] c.a.a.advice.ControllerAdvice            : Enter: com.aline.accountmicroservice.controller.MemberController.getAllAccountsByMemberId() with arguments[s] = [Page request [number: 0, size 20, sort: UNSORTED], 354655]
2022-04-13 15:52:29.851 ERROR 23364 --- [http-nio-8070-exec-3] c.a.a.advice.ControllerAdvice            : Exception: [Page request [number: 0, size 20, sort: UNSORTED], 354655] in com.aline.accountmicroservice.controller.MemberController.getAllAccountsByMemberId()
2022-04-13 15:52:29.851  INFO 23364 --- [http-nio-8070-exec-3] c.a.a.advice.ControllerAdvice            : Error at: com.aline.core.exception.GlobalExceptionHandler.handleForbiddenException() with return = org.springframework.security.access.AccessDeniedException: Access is denied
2022-04-13 15:52:29.851 ERROR 23364 --- [http-nio-8070-exec-3] Global Exception Handler                 : 403 Forbidden: Access is denied
2022-04-13 15:52:29.853  WARN 23364 --- [http-nio-8070-exec-3] .m.m.a.ExceptionHandlerExceptionResolver : Resolved [org.springframework.security.access.AccessDeniedException: Access is denied]
2022-04-13 15:52:54.002  INFO 23364 --- [http-nio-8070-exec-4] c.a.a.advice.ControllerAdvice            : Enter: com.aline.accountmicroservice.controller.MemberController.getAllAccountsByMemberId() with arguments[s] = [Page request [number: 0, size 20, sort: UNSORTED], 36]
2022-04-13 15:52:54.008  INFO 23364 --- [http-nio-8070-exec-4] c.a.a.advice.ControllerAdvice            : Enter: com.aline.accountmicroservice.service.AccountService.getAccountsByMemberId() with arguments[s] = [36, Page request [number: 0, size 20, sort: UNSORTED]]
2022-04-13 15:52:54.008  INFO 23364 --- [http-nio-8070-exec-4] c.a.a.advice.ControllerAdvice            : Enter: com.aline.core.repository.AccountRepository.findAllByMemberId() with arguments[s] = [36, Page request [number: 0, size 20, sort: UNSORTED]]
2022-04-13 15:52:54.016  INFO 23364 --- [http-nio-8070-exec-4] c.a.a.advice.ControllerAdvice            : Enter: com.aline.accountmicroservice.service.AccountService.mapToPaginatedResponse() with arguments[s] = [Page 1 of 1 containing com.aline.core.model.account.CheckingAccount instances]
2022-04-13 15:52:56.400  INFO 23364 --- [http-nio-8070-exec-5] c.a.a.advice.ControllerAdvice            : Enter: com.aline.accountmicroservice.controller.MemberController.getAllAccountsByMemberId() with arguments[s] = [Page request [number: 0, size 20, sort: UNSORTED], 35]
2022-04-13 15:52:56.405 ERROR 23364 --- [http-nio-8070-exec-5] c.a.a.advice.ControllerAdvice            : Exception: [Page request [number: 0, size 20, sort: UNSORTED], 35] in com.aline.accountmicroservice.controller.MemberController.getAllAccountsByMemberId()
2022-04-13 15:52:56.406  INFO 23364 --- [http-nio-8070-exec-5] c.a.a.advice.ControllerAdvice            : Error at: com.aline.core.exception.GlobalExceptionHandler.handleForbiddenException() with return = org.springframework.security.access.AccessDeniedException: Access is denied
2022-04-13 15:52:56.406 ERROR 23364 --- [http-nio-8070-exec-5] Global Exception Handler                 : 403 Forbidden: Access is denied
2022-04-13 15:52:56.407  WARN 23364 --- [http-nio-8070-exec-5] .m.m.a.ExceptionHandlerExceptionResolver : Resolved [org.springframework.security.access.AccessDeniedException: Access is denied]
2022-04-13 15:52:58.308  INFO 23364 --- [http-nio-8070-exec-6] c.a.a.advice.ControllerAdvice            : Enter: com.aline.accountmicroservice.controller.MemberController.getAllAccountsByMemberId() with arguments[s] = [Page request [number: 0, size 20, sort: UNSORTED], 36]
2022-04-13 15:52:58.313  INFO 23364 --- [http-nio-8070-exec-6] c.a.a.advice.ControllerAdvice            : Enter: com.aline.accountmicroservice.service.AccountService.getAccountsByMemberId() with arguments[s] = [36, Page request [number: 0, size 20, sort: UNSORTED]]
2022-04-13 15:52:58.313  INFO 23364 --- [http-nio-8070-exec-6] c.a.a.advice.ControllerAdvice            : Enter: com.aline.core.repository.AccountRepository.findAllByMemberId() with arguments[s] = [36, Page request [number: 0, size 20, sort: UNSORTED]]
2022-04-13 15:52:58.315  INFO 23364 --- [http-nio-8070-exec-6] c.a.a.advice.ControllerAdvice            : Enter: com.aline.accountmicroservice.service.AccountService.mapToPaginatedResponse() with arguments[s] = [Page 1 of 1 containing com.aline.core.model.account.CheckingAccount instances]
2022-04-13 15:53:03.125  INFO 23364 --- [http-nio-8070-exec-7] c.a.a.advice.ControllerAdvice            : Enter: com.aline.accountmicroservice.controller.RootController.healthCheck() with arguments[s] = []
2022-04-13 15:53:05.967  INFO 23364 --- [http-nio-8070-exec-8] c.a.a.advice.ControllerAdvice            : Enter: com.aline.accountmicroservice.controller.AccountController.getAccountById() with arguments[s] = [354656]
2022-04-13 15:53:05.967  INFO 23364 --- [http-nio-8070-exec-8] c.a.a.advice.ControllerAdvice            : Enter: com.aline.accountmicroservice.service.AccountService.getAccountById() with arguments[s] = [354656]
2022-04-13 15:53:05.975  INFO 23364 --- [http-nio-8070-exec-8] c.a.a.advice.ControllerAdvice            : Enter: com.aline.accountmicroservice.service.AccountService.mapToResponse() with arguments[s] = [com.aline.core.model.account.CheckingAccount@15725bc1]
2022-04-13 15:53:08.062  INFO 23364 --- [http-nio-8070-exec-9] c.a.a.advice.ControllerAdvice            : Enter: com.aline.accountmicroservice.controller.AccountController.getAllAccounts() with arguments[s] = [Page request [number: 0, size 20, sort: UNSORTED]]
2022-04-13 15:53:08.062 ERROR 23364 --- [http-nio-8070-exec-9] c.a.a.advice.ControllerAdvice            : Exception: [Page request [number: 0, size 20, sort: UNSORTED]] in com.aline.accountmicroservice.controller.AccountController.getAllAccounts()
2022-04-13 15:53:08.063  INFO 23364 --- [http-nio-8070-exec-9] c.a.a.advice.ControllerAdvice            : Error at: com.aline.core.exception.GlobalExceptionHandler.handleForbiddenException() with return = org.springframework.security.access.AccessDeniedException: Access is denied
2022-04-13 15:53:08.063 ERROR 23364 --- [http-nio-8070-exec-9] Global Exception Handler                 : 403 Forbidden: Access is denied
2022-04-13 15:53:08.064  WARN 23364 --- [http-nio-8070-exec-9] .m.m.a.ExceptionHandlerExceptionResolver : Resolved [org.springframework.security.access.AccessDeniedException: Access is denied]
2022-04-13 15:53:25.049  INFO 23364 --- [http-nio-8070-exec-10] c.a.a.advice.ControllerAdvice            : Enter: com.aline.accountmicroservice.controller.AccountController.getAllAccounts() with arguments[s] = [Page request [number: 0, size 20, sort: UNSORTED]]
2022-04-13 15:53:25.050 ERROR 23364 --- [http-nio-8070-exec-10] c.a.a.advice.ControllerAdvice            : Exception: [Page request [number: 0, size 20, sort: UNSORTED]] in com.aline.accountmicroservice.controller.AccountController.getAllAccounts()
2022-04-13 15:53:25.050  INFO 23364 --- [http-nio-8070-exec-10] c.a.a.advice.ControllerAdvice            : Error at: com.aline.core.exception.GlobalExceptionHandler.handleForbiddenException() with return = org.springframework.security.access.AccessDeniedException: Access is denied
2022-04-13 15:53:25.051 ERROR 23364 --- [http-nio-8070-exec-10] Global Exception Handler                 : 403 Forbidden: Access is denied
2022-04-13 15:53:25.052  WARN 23364 --- [http-nio-8070-exec-10] .m.m.a.ExceptionHandlerExceptionResolver : Resolved [org.springframework.security.access.AccessDeniedException: Access is denied]
2022-04-13 16:24:48.744  INFO 23364 --- [http-nio-8070-exec-3] c.a.a.advice.ControllerAdvice            : Enter: com.aline.accountmicroservice.controller.AccountController.getAllAccounts() with arguments[s] = [Page request [number: 0, size 20, sort: UNSORTED]]
2022-04-13 16:24:48.745 ERROR 23364 --- [http-nio-8070-exec-3] c.a.a.advice.ControllerAdvice            : Exception: [Page request [number: 0, size 20, sort: UNSORTED]] in com.aline.accountmicroservice.controller.AccountController.getAllAccounts()
2022-04-13 16:24:48.745  INFO 23364 --- [http-nio-8070-exec-3] c.a.a.advice.ControllerAdvice            : Error at: com.aline.core.exception.GlobalExceptionHandler.handleForbiddenException() with return = org.springframework.security.access.AccessDeniedException: Access is denied
2022-04-13 16:24:48.746 ERROR 23364 --- [http-nio-8070-exec-3] Global Exception Handler                 : 403 Forbidden: Access is denied
2022-04-13 16:24:48.747  WARN 23364 --- [http-nio-8070-exec-3] .m.m.a.ExceptionHandlerExceptionResolver : Resolved [org.springframework.security.access.AccessDeniedException: Access is denied]
2022-04-13 16:55:30.418  INFO 23364 --- [http-nio-8070-exec-8] c.a.a.advice.ControllerAdvice            : Enter: com.aline.core.security.service.SecurityUserService.loadUserByUsername() with arguments[s] = [devsessums0]
2022-04-13 16:55:33.730  INFO 23364 --- [http-nio-8070-exec-9] c.a.a.advice.ControllerAdvice            : Enter: com.aline.accountmicroservice.controller.AccountController.getAllAccounts() with arguments[s] = [Page request [number: 0, size 20, sort: UNSORTED]]
2022-04-13 16:55:33.730 ERROR 23364 --- [http-nio-8070-exec-9] c.a.a.advice.ControllerAdvice            : Exception: [Page request [number: 0, size 20, sort: UNSORTED]] in com.aline.accountmicroservice.controller.AccountController.getAllAccounts()
2022-04-13 16:55:33.731  INFO 23364 --- [http-nio-8070-exec-9] c.a.a.advice.ControllerAdvice            : Error at: com.aline.core.exception.GlobalExceptionHandler.handleForbiddenException() with return = org.springframework.security.access.AccessDeniedException: Access is denied
2022-04-13 16:55:33.731 ERROR 23364 --- [http-nio-8070-exec-9] Global Exception Handler                 : 403 Forbidden: Access is denied
2022-04-13 16:55:33.732  WARN 23364 --- [http-nio-8070-exec-9] .m.m.a.ExceptionHandlerExceptionResolver : Resolved [org.springframework.security.access.AccessDeniedException: Access is denied]
2022-04-13 17:05:11.159  INFO 23364 --- [SpringContextShutdownHook] j.LocalContainerEntityManagerFactoryBean : Closing JPA EntityManagerFactory for persistence unit 'default'
2022-04-13 17:05:11.170  INFO 23364 --- [SpringContextShutdownHook] com.zaxxer.hikari.HikariDataSource       : HikariPool-1 - Shutdown initiated...
2022-04-13 17:05:11.175  INFO 23364 --- [SpringContextShutdownHook] com.zaxxer.hikari.HikariDataSource       : HikariPool-1 - Shutdown completed.
